INFO :2018-07-16 17:34:26,188-com.gl.util.FileUtil-0 [main]
删除目录失败：D:\intellijw\java\gamemodel\game.script\target\scriptsbin\不存在！ 
INFO :2018-07-16 17:35:08,776-com.gl.util.FileUtil-0 [main]
删除目录失败：D:\intellijw\java\gamemodel\game.script\target\scriptsbin\不存在！ 
INFO :2018-07-16 17:38:02,439-com.gl.util.FileUtil-0 [main]
删除目录失败：D:\intellijw\java\gamemodel\game.script\target\scriptsbin\不存在！ 
INFO :2018-07-16 17:38:14,709-com.gl.util.FileUtil-0 [main]
删除目录失败：D:\intellijw\java\gamemodel\game.script\target\scriptsbin\不存在！ 
INFO :2018-07-16 17:38:34,996-com.gl.util.FileUtil-0 [main]
删除目录失败：D:\intellijw\java\gamemodel\game.script\target\scriptsbin\不存在！ 
INFO :2018-07-16 17:39:20,513-com.gl.util.FileUtil-0 [main]
删除目录失败：D:\intellijw\java\gamemodel\game.script\target\scriptsbin\不存在！ 
INFO :2018-07-16 17:39:39,739-com.gl.util.FileUtil-0 [main]
删除目录失败：D:\intellijw\java\gamemodel\game.script\target\scriptsbin\不存在！ 
INFO :2018-07-16 17:39:45,736-com.gl.util.FileUtil-5997[main]
删除目录失败：D:\intellijw\java\gamemodel\game.script\target\scriptsbin\不存在！ 
INFO :2018-07-16 17:39:50,736-com.gl.util.FileUtil-10997[main]
删除目录失败：D:\intellijw\java\gamemodel\game.script\target\scriptsbin\不存在！ 
INFO :2018-07-16 17:39:56,824-com.gl.util.FileUtil-0 [main]
删除目录失败：D:\intellijw\java\gamemodel\game.script\target\scriptsbin\不存在！ 
INFO :2018-07-16 17:40:00,739-com.gl.util.FileUtil-21000[main]
删除目录失败：D:\intellijw\java\gamemodel\game.script\target\scriptsbin\不存在！ 
INFO :2018-07-16 17:40:02,730-com.gl.util.FileUtil-5906[main]
删除目录失败：D:\intellijw\java\gamemodel\game.script\target\scriptsbin\不存在！ 
INFO :2018-07-16 17:40:05,741-com.gl.util.FileUtil-26002[main]
删除目录失败：D:\intellijw\java\gamemodel\game.script\target\scriptsbin\不存在！ 
INFO :2018-07-16 17:40:07,730-com.gl.util.FileUtil-10906[main]
删除目录失败：D:\intellijw\java\gamemodel\game.script\target\scriptsbin\不存在！ 
INFO :2018-07-16 17:40:10,745-com.gl.util.FileUtil-31006[main]
删除目录失败：D:\intellijw\java\gamemodel\game.script\target\scriptsbin\不存在！ 
INFO :2018-07-16 17:40:12,730-com.gl.util.FileUtil-15906[main]
删除目录失败：D:\intellijw\java\gamemodel\game.script\target\scriptsbin\不存在！ 
INFO :2018-07-16 17:40:15,746-com.gl.util.FileUtil-36007[main]
删除目录失败：D:\intellijw\java\gamemodel\game.script\target\scriptsbin\不存在！ 
INFO :2018-07-16 17:40:17,730-com.gl.util.FileUtil-20906[main]
删除目录失败：D:\intellijw\java\gamemodel\game.script\target\scriptsbin\不存在！ 
INFO :2018-07-16 17:40:20,746-com.gl.util.FileUtil-41007[main]
删除目录失败：D:\intellijw\java\gamemodel\game.script\target\scriptsbin\不存在！ 
INFO :2018-07-16 17:40:22,731-com.gl.util.FileUtil-25907[main]
删除目录失败：D:\intellijw\java\gamemodel\game.script\target\scriptsbin\不存在！ 
INFO :2018-07-16 17:40:25,746-com.gl.util.FileUtil-46007[main]
删除目录失败：D:\intellijw\java\gamemodel\game.script\target\scriptsbin\不存在！ 
INFO :2018-07-16 17:40:27,732-com.gl.util.FileUtil-30908[main]
删除目录失败：D:\intellijw\java\gamemodel\game.script\target\scriptsbin\不存在！ 
INFO :2018-07-16 17:40:30,747-com.gl.util.FileUtil-51008[main]
删除目录失败：D:\intellijw\java\gamemodel\game.script\target\scriptsbin\不存在！ 
INFO :2018-07-16 17:40:32,732-com.gl.util.FileUtil-35908[main]
删除目录失败：D:\intellijw\java\gamemodel\game.script\target\scriptsbin\不存在！ 
INFO :2018-07-16 17:40:35,750-com.gl.util.FileUtil-56011[main]
删除目录失败：D:\intellijw\java\gamemodel\game.script\target\scriptsbin\不存在！ 
INFO :2018-07-16 17:40:37,732-com.gl.util.FileUtil-40908[main]
删除目录失败：D:\intellijw\java\gamemodel\game.script\target\scriptsbin\不存在！ 
INFO :2018-07-16 17:40:40,752-com.gl.util.FileUtil-61013[main]
删除目录失败：D:\intellijw\java\gamemodel\game.script\target\scriptsbin\不存在！ 
INFO :2018-07-16 17:40:42,732-com.gl.util.FileUtil-45908[main]
删除目录失败：D:\intellijw\java\gamemodel\game.script\target\scriptsbin\不存在！ 
INFO :2018-07-16 17:40:45,753-com.gl.util.FileUtil-66014[main]
删除目录失败：D:\intellijw\java\gamemodel\game.script\target\scriptsbin\不存在！ 
INFO :2018-07-16 17:40:47,733-com.gl.util.FileUtil-50909[main]
删除目录失败：D:\intellijw\java\gamemodel\game.script\target\scriptsbin\不存在！ 
INFO :2018-07-16 17:40:50,753-com.gl.util.FileUtil-71014[main]
删除目录失败：D:\intellijw\java\gamemodel\game.script\target\scriptsbin\不存在！ 
INFO :2018-07-16 17:40:52,733-com.gl.util.FileUtil-55909[main]
删除目录失败：D:\intellijw\java\gamemodel\game.script\target\scriptsbin\不存在！ 
INFO :2018-07-16 17:40:54,555-com.gl.util.FileUtil-0 [main]
删除目录失败：D:\intellijw\java\gamemodel\game.script\target\scriptsbin\不存在！ 
INFO :2018-07-16 17:40:55,755-com.gl.util.FileUtil-76016[main]
删除目录失败：D:\intellijw\java\gamemodel\game.script\target\scriptsbin\不存在！ 
INFO :2018-07-16 17:40:57,733-com.gl.util.FileUtil-60909[main]
删除目录失败：D:\intellijw\java\gamemodel\game.script\target\scriptsbin\不存在！ 
INFO :2018-07-16 17:41:00,308-com.gl.util.FileUtil-5753[main]
删除目录失败：D:\intellijw\java\gamemodel\game.script\target\scriptsbin\不存在！ 
INFO :2018-07-16 17:41:53,319-com.gl.util.FileUtil-0 [main]
删除目录失败：D:\intellijw\java\gamemodel\game.script\target\scriptsbin\不存在！ 
INFO :2018-07-16 17:41:58,322-com.gl.util.FileUtil-5003[main]
删除目录失败：D:\intellijw\java\gamemodel\game.script\target\scriptsbin\不存在！ 
INFO :2018-07-16 17:42:03,323-com.gl.util.FileUtil-10004[main]
删除目录失败：D:\intellijw\java\gamemodel\game.script\target\scriptsbin\不存在！ 
INFO :2018-07-16 17:42:08,324-com.gl.util.FileUtil-15005[main]
删除目录失败：D:\intellijw\java\gamemodel\game.script\target\scriptsbin\不存在！ 
INFO :2018-07-16 17:44:13,247-com.gl.util.FileUtil-0 [main]
删除目录失败：D:\intellijw\java\gamemodel\game.script\target\scriptsbin\不存在！ 
INFO :2018-07-16 17:47:19,601-com.gl.util.FileUtil-0 [main]
删除目录失败：D:\intellijw\java\gamemodel\game.script\target\scriptsbin\不存在！ 
INFO :2018-07-16 17:51:03,608-com.gl.util.FileUtil-0 [main]
删除目录失败：D:\intellijw\java\gamemodel\game.script\target\scriptsbin\不存在！ 
INFO :2018-07-16 17:51:37,778-com.gl.util.FileUtil-0 [main]
删除目录失败：D:\intellijw\java\gamemodel\game.script\target\scriptsbin\不存在！ 
INFO :2018-07-16 17:51:43,627-com.gl.util.FileUtil-5849[main]
删除目录失败：D:\intellijw\java\gamemodel\game.script\target\scriptsbin\不存在！ 
INFO :2018-07-16 17:51:48,628-com.gl.util.FileUtil-10850[main]
删除目录失败：D:\intellijw\java\gamemodel\game.script\target\scriptsbin\不存在！ 
INFO :2018-07-16 17:51:53,037-com.gl.util.FileUtil-0 [main]
删除目录失败：D:\intellijw\java\gamemodel\game.script\target\scriptsbin\不存在！ 
INFO :2018-07-16 17:51:58,948-com.gl.util.FileUtil-5911[main]
删除目录失败：D:\intellijw\java\gamemodel\game.script\target\scriptsbin\不存在！ 
INFO :2018-07-16 17:52:03,949-com.gl.util.FileUtil-10912[main]
删除目录失败：D:\intellijw\java\gamemodel\game.script\target\scriptsbin\不存在！ 
INFO :2018-07-16 17:52:08,950-com.gl.util.FileUtil-15913[main]
删除目录失败：D:\intellijw\java\gamemodel\game.script\target\scriptsbin\不存在！ 
INFO :2018-07-16 17:52:13,950-com.gl.util.FileUtil-20913[main]
删除目录失败：D:\intellijw\java\gamemodel\game.script\target\scriptsbin\不存在！ 
INFO :2018-07-16 17:52:16,210-com.gl.util.FileUtil-0 [main]
删除目录失败：D:\intellijw\java\gamemodel\game.script\target\scriptsbin\不存在！ 
INFO :2018-07-16 17:52:45,859-com.gl.util.FileUtil-0 [main]
删除目录失败：D:\intellijw\java\gamemodel\game.script\target\scriptsbin\不存在！ 
INFO :2018-07-16 17:52:50,861-com.gl.util.FileUtil-5002[main]
删除目录失败：D:\intellijw\java\gamemodel\game.script\target\scriptsbin\不存在！ 
INFO :2018-07-16 17:52:55,862-com.gl.util.FileUtil-10003[main]
删除目录失败：D:\intellijw\java\gamemodel\game.script\target\scriptsbin\不存在！ 
INFO :2018-07-16 17:53:00,862-com.gl.util.FileUtil-15003[main]
删除目录失败：D:\intellijw\java\gamemodel\game.script\target\scriptsbin\不存在！ 
INFO :2018-07-16 17:53:05,863-com.gl.util.FileUtil-20004[main]
删除目录失败：D:\intellijw\java\gamemodel\game.script\target\scriptsbin\不存在！ 
INFO :2018-07-16 17:53:10,864-com.gl.util.FileUtil-25005[main]
删除目录失败：D:\intellijw\java\gamemodel\game.script\target\scriptsbin\不存在！ 
INFO :2018-07-16 17:53:15,865-com.gl.util.FileUtil-30006[main]
删除目录失败：D:\intellijw\java\gamemodel\game.script\target\scriptsbin\不存在！ 
INFO :2018-07-16 17:53:20,865-com.gl.util.FileUtil-35006[main]
删除目录失败：D:\intellijw\java\gamemodel\game.script\target\scriptsbin\不存在！ 
INFO :2018-07-16 17:54:26,943-com.gl.util.FileUtil-1 [main]
删除目录失败：D:\intellijw\java\gamemodel\game.script\target\scriptsbin\不存在！ 
INFO :2018-07-16 17:55:55,747-com.gl.util.FileUtil-0 [main]
删除目录失败！ 
INFO :2018-07-16 17:55:55,747-com.gl.util.FileUtil-0 [main]
删除目录失败！ 
INFO :2018-07-16 19:36:43,161-com.gl.util.FileUtil-0 [main]
删除目录失败：D:\intellijw\java\gamemodel\target\scriptsbin\不存在！ 
INFO :2018-07-16 19:37:35,016-com.gl.util.FileUtil-0 [main]
删除目录失败：D:\intellijw\java\gamemodel\target\scriptsbin\不存在！ 
INFO :2018-07-16 19:38:11,564-com.gl.util.FileUtil-0 [main]
删除目录失败：D:\intellijw\java\gamemodel\target\scriptsbin\不存在！ 
ERROR:2018-07-16 19:38:11,633-com.gl.ScriptPool-69[main]
 
java.lang.IllegalStateException: 找不到目录: D:\intellijw\java\gamemodel\target\scriptsbin\
	at com.sun.tools.javac.main.Main.error(Main.java:186)
	at com.sun.tools.javac.main.Main.checkDirectory(Main.java:345)
	at com.sun.tools.javac.main.Main.processArgs(Main.java:274)
	at com.sun.tools.javac.main.Main.compile(Main.java:414)
	at com.sun.tools.javac.api.JavacTaskImpl.doCall(JavacTaskImpl.java:129)
	at com.sun.tools.javac.api.JavacTaskImpl.call(JavacTaskImpl.java:138)
	at com.gl.ScriptPool.compile(ScriptPool.java:170)
	at com.gl.ScriptPool.compile(ScriptPool.java:135)
	at com.gl.ScriptPool.loadJava(ScriptPool.java:194)
	at com.gl.ScriptManager.init(ScriptManager.java:45)
	at script.TestScript.main(TestScript.java:9)
INFO :2018-07-16 19:39:00,493-com.gl.util.FileUtil-0 [main]
删除目录失败：D:\intellijw\java\gamemodel\game.script\target\scriptsbin\不存在！ 
INFO :2018-07-16 19:39:05,867-com.gl.util.FileUtil-5374[main]
删除目录失败：D:\intellijw\java\gamemodel\game.script\target\scriptsbin\不存在！ 
INFO :2018-07-16 19:39:10,867-com.gl.util.FileUtil-10374[main]
删除目录失败：D:\intellijw\java\gamemodel\game.script\target\scriptsbin\不存在！ 
INFO :2018-07-16 19:39:15,867-com.gl.util.FileUtil-15374[main]
删除目录失败：D:\intellijw\java\gamemodel\game.script\target\scriptsbin\不存在！ 
INFO :2018-07-16 19:39:32,392-com.gl.util.FileUtil-0 [main]
删除目录失败：D:\intellijw\java\gamemodel\game.script\target\scriptsbin\不存在！ 
INFO :2018-07-16 19:39:37,398-com.gl.util.FileUtil-5006[main]
删除目录失败：D:\intellijw\java\gamemodel\game.script\target\scriptsbin\不存在！ 
INFO :2018-07-16 19:39:42,400-com.gl.util.FileUtil-10008[main]
删除目录失败：D:\intellijw\java\gamemodel\game.script\target\scriptsbin\不存在！ 
INFO :2018-07-16 19:39:47,402-com.gl.util.FileUtil-15010[main]
删除目录失败：D:\intellijw\java\gamemodel\game.script\target\scriptsbin\不存在！ 
INFO :2018-07-16 19:39:52,404-com.gl.util.FileUtil-20012[main]
删除目录失败：D:\intellijw\java\gamemodel\game.script\target\scriptsbin\不存在！ 
INFO :2018-07-16 19:39:57,407-com.gl.util.FileUtil-25015[main]
删除目录失败：D:\intellijw\java\gamemodel\game.script\target\scriptsbin\不存在！ 
INFO :2018-07-16 19:40:02,408-com.gl.util.FileUtil-30016[main]
删除目录失败：D:\intellijw\java\gamemodel\game.script\target\scriptsbin\不存在！ 
INFO :2018-07-16 19:43:12,153-com.gl.util.FileUtil-0 [main]
删除目录失败：D:\intellijw\java\gamemodel\game.script\target\scriptsbin\不存在！ 
INFO :2018-07-16 19:44:11,115-com.gl.util.FileUtil-0 [main]
删除目录失败：D:\intellijw\java\gamemodel\game.script\target\scriptsbin\不存在！ 
INFO :2018-07-16 19:44:53,104-com.gl.util.FileUtil-0 [main]
删除目录失败：D:\intellijw\java\gamemodel\game.script\target\scriptsbin\不存在！ 
INFO :2018-07-16 19:45:37,543-com.gl.util.FileUtil-44439[main]
删除目录失败：D:\intellijw\java\gamemodel\game.script\target\scriptsbin\不存在！ 
INFO :2018-07-16 19:46:09,504-com.gl.util.FileUtil-0 [main]
删除目录失败：D:\intellijw\java\gamemodel\game.script\target\scriptsbin\不存在！ 
INFO :2018-07-16 19:46:14,906-com.gl.util.FileUtil-5402[main]
删除目录失败：D:\intellijw\java\gamemodel\game.script\target\scriptsbin\不存在！ 
INFO :2018-07-16 19:46:40,592-com.gl.util.FileUtil-0 [main]
删除目录失败：D:\intellijw\java\gamemodel\game.script\target\scriptsbin\不存在！ 
INFO :2018-07-16 19:46:45,597-com.gl.util.FileUtil-5005[main]
删除目录失败：D:\intellijw\java\gamemodel\game.script\target\scriptsbin\不存在！ 
INFO :2018-07-16 19:46:50,599-com.gl.util.FileUtil-10007[main]
删除目录失败：D:\intellijw\java\gamemodel\game.script\target\scriptsbin\不存在！ 
INFO :2018-07-16 19:46:55,601-com.gl.util.FileUtil-15009[main]
删除目录失败：D:\intellijw\java\gamemodel\game.script\target\scriptsbin\不存在！ 
INFO :2018-07-16 19:47:00,603-com.gl.util.FileUtil-20011[main]
删除目录失败：D:\intellijw\java\gamemodel\game.script\target\scriptsbin\不存在！ 
INFO :2018-07-16 19:47:05,605-com.gl.util.FileUtil-25013[main]
删除目录失败：D:\intellijw\java\gamemodel\game.script\target\scriptsbin\不存在！ 
INFO :2018-07-16 19:47:10,607-com.gl.util.FileUtil-30015[main]
删除目录失败：D:\intellijw\java\gamemodel\game.script\target\scriptsbin\不存在！ 
INFO :2018-07-16 19:47:15,609-com.gl.util.FileUtil-35017[main]
删除目录失败：D:\intellijw\java\gamemodel\game.script\target\scriptsbin\不存在！ 
